<?xml version="1.0" encoding="UTF-8"?>
<!-- Generated by org.testng.reporters.JUnitReportReporter -->
<testsuite hostname="VitaSource-PC" name="com.yahoo.ycsb.measurements.exporter.TestMeasurementsExporter" tests="1" failures="0" timestamp="16 May 2017 04:58:35 GMT" time="0.952" errors="0">
  <testcase name="testJSONArrayMeasurementsExporter" time="0.952" classname="com.yahoo.ycsb.measurements.exporter.TestMeasurementsExporter"/>
</testsuite>
